Using pre-set license
Built from '2021.3/staging' branch; Version is '2021.3.8f1 (b30333d56e81) revision 11731763'; Using compiler version '192829333'; Build Type 'Release'
OS: 'Windows 10  (10.0.19044) 64bit Core' Language: 'en' Physical Memory: 8097 MB
BatchMode: 1, IsHumanControllingUs: 0, StartBugReporterOnCrash: 0, Is64bit: 1, IsPro: 1

COMMAND LINE ARGUMENTS:
C:\Program Files\Unity\Hub\Editor\2021.3.8f1\Editor\Unity.exe
-adb2
-batchMode
-noUpm
-name
AssetImportWorker6
-projectPath
C:/Users/Owner/Desktop/Lamplighter/Lamplighters
-logFile
Logs/AssetImportWorker6.log
-srvPort
63371
Successfully changed project path to: C:/Users/Owner/Desktop/Lamplighter/Lamplighters
C:/Users/Owner/Desktop/Lamplighter/Lamplighters
[UnityMemory] Configuration Parameters - Can be set up in boot.config
    "memorysetup-bucket-allocator-granularity=16"
    "memorysetup-bucket-allocator-bucket-count=8"
    "memorysetup-bucket-allocator-block-size=33554432"
    "memorysetup-bucket-allocator-block-count=8"
    "memorysetup-main-allocator-block-size=16777216"
    "memorysetup-thread-allocator-block-size=16777216"
    "memorysetup-gfx-main-allocator-block-size=16777216"
    "memorysetup-gfx-thread-allocator-block-size=16777216"
    "memorysetup-cache-allocator-block-size=4194304"
    "memorysetup-typetree-allocator-block-size=2097152"
    "memorysetup-profiler-bucket-allocator-granularity=16"
    "memorysetup-profiler-bucket-allocator-bucket-count=8"
    "memorysetup-profiler-bucket-allocator-block-size=33554432"
    "memorysetup-profiler-bucket-allocator-block-count=8"
    "memorysetup-profiler-allocator-block-size=16777216"
    "memorysetup-profiler-editor-allocator-block-size=1048576"
    "memorysetup-temp-allocator-size-main=16777216"
    "memorysetup-job-temp-allocator-block-size=2097152"
    "memorysetup-job-temp-allocator-block-size-background=1048576"
    "memorysetup-job-temp-allocator-reduction-small-platforms=262144"
    "memorysetup-temp-allocator-size-background-worker=32768"
    "memorysetup-temp-allocator-size-job-worker=262144"
    "memorysetup-temp-allocator-size-preload-manager=33554432"
    "memorysetup-temp-allocator-size-nav-mesh-worker=65536"
    "memorysetup-temp-allocator-size-audio-worker=65536"
    "memorysetup-temp-allocator-size-cloud-worker=32768"
    "memorysetup-temp-allocator-size-gi-baking-worker=262144"
    "memorysetup-temp-allocator-size-gfx=262144"
Refreshing native plugins compatible for Editor in 537.24 ms, found 2 plugins.
Preloading 0 native plugins for Editor in 0.00 ms.
Initialize engine version: 2021.3.8f1 (b30333d56e81)
[Subsystems] Discovering subsystems at path C:/Program Files/Unity/Hub/Editor/2021.3.8f1/Editor/Data/Resources/UnitySubsystems
[Subsystems] Discovering subsystems at path C:/Users/Owner/Desktop/Lamplighter/Lamplighters/Assets
GfxDevice: creating device client; threaded=0; jobified=0
Direct3D:
    Version:  Direct3D 11.0 [level 11.1]
    Renderer: Intel(R) HD Graphics Family (ID=0xa16)
    Vendor:   Intel
    VRAM:     2048 MB
    Driver:   20.19.15.4835
Initialize mono
Mono path[0] = 'C:/Program Files/Unity/Hub/Editor/2021.3.8f1/Editor/Data/Managed'
Mono path[1] = 'C:/Program Files/Unity/Hub/Editor/2021.3.8f1/Editor/Data/MonoBleedingEdge/lib/mono/unityjit-win32'
Mono config path = 'C:/Program Files/Unity/Hub/Editor/2021.3.8f1/Editor/Data/MonoBleedingEdge/etc'
Using monoOptions --debugger-agent=transport=dt_socket,embedding=1,server=y,suspend=n,address=127.0.0.1:56548
Begin MonoManager ReloadAssembly
Registering precompiled unity dll's ...
Register platform support module: C:/Program Files/Unity/Hub/Editor/2021.3.8f1/Editor/Data/PlaybackEngines/WindowsStandaloneSupport/UnityEditor.WindowsStandalone.Extensions.dll
Registered in 0.030809 seconds.
Native extension for WindowsStandalone target not found
Refreshing native plugins compatible for Editor in 69.60 ms, found 2 plugins.
Preloading 0 native plugins for Editor in 0.00 ms.
Mono: successfully reloaded assembly
- Completed reload, in  1.622 seconds
Domain Reload Profiling:
	ReloadAssembly (1623ms)
		BeginReloadAssembly (249ms)
			ExecutionOrderSort (0ms)
			DisableScriptedObjects (0ms)
			BackupInstance (0ms)
			ReleaseScriptingObjects (0ms)
			CreateAndSetChildDomain (1ms)
		EndReloadAssembly (1016ms)
			LoadAssemblies (242ms)
			RebuildTransferFunctionScriptingTraits (0ms)
			SetupTypeCache (268ms)
			ReleaseScriptCaches (0ms)
			RebuildScriptCaches (90ms)
			SetupLoadedEditorAssemblies (526ms)
				LogAssemblyErrors (0ms)
				InitializePlatformSupportModulesInManaged (20ms)
				SetLoadedEditorAssemblies (0ms)
				RefreshPlugins (70ms)
				BeforeProcessingInitializeOnLoad (3ms)
				ProcessInitializeOnLoadAttributes (335ms)
				ProcessInitializeOnLoadMethodAttributes (99ms)
				AfterProcessingInitializeOnLoad (0ms)
				EditorAssembliesLoaded (0ms)
			ExecutionOrderSort2 (0ms)
			AwakeInstancesAfterBackupRestoration (0ms)
Platform modules already initialized, skipping
Registering precompiled user dll's ...
Registered in 0.013010 seconds.
Begin MonoManager ReloadAssembly
Native extension for WindowsStandalone target not found
Refreshing native plugins compatible for Editor in 0.67 ms, found 2 plugins.
Preloading 0 native plugins for Editor in 0.00 ms.
Mono: successfully reloaded assembly
- Completed reload, in  4.756 seconds
Domain Reload Profiling:
	ReloadAssembly (4758ms)
		BeginReloadAssembly (2253ms)
			ExecutionOrderSort (0ms)
			DisableScriptedObjects (16ms)
			BackupInstance (0ms)
			ReleaseScriptingObjects (0ms)
			CreateAndSetChildDomain (32ms)
		EndReloadAssembly (2181ms)
			LoadAssemblies (2259ms)
			RebuildTransferFunctionScriptingTraits (0ms)
			SetupTypeCache (685ms)
			ReleaseScriptCaches (1ms)
			RebuildScriptCaches (123ms)
			SetupLoadedEditorAssemblies (975ms)
				LogAssemblyErrors (0ms)
				InitializePlatformSupportModulesInManaged (16ms)
				SetLoadedEditorAssemblies (1ms)
				RefreshPlugins (1ms)
				BeforeProcessingInitializeOnLoad (108ms)
				ProcessInitializeOnLoadAttributes (665ms)
				ProcessInitializeOnLoadMethodAttributes (117ms)
				AfterProcessingInitializeOnLoad (68ms)
				EditorAssembliesLoaded (0ms)
			ExecutionOrderSort2 (0ms)
			AwakeInstancesAfterBackupRestoration (41ms)
Platform modules already initialized, skipping
========================================================================
Worker process is ready to serve import requests
Launched and connected shader compiler UnityShaderCompiler.exe after 0.32 seconds
Refreshing native plugins compatible for Editor in 0.69 ms, found 2 plugins.
Preloading 0 native plugins for Editor in 0.00 ms.
Unloading 1700 Unused Serialized files (Serialized files now loaded: 0)
Unloading 19 unused Assets / (47.2 KB). Loaded Objects now: 2167.
Memory consumption went from 74.7 MB to 74.7 MB.
Total: 3.536100 ms (FindLiveObjects: 0.303500 ms CreateObjectMapping: 0.100900 ms MarkObjects: 3.033600 ms  DeleteObjects: 0.096900 ms)

AssetImportParameters requested are different than current active one (requested -> active):
  custom:video-decoder-ogg-theora: a1e56fd34408186e4bbccfd4996cb3dc -> 
  custom:container-muxer-webm: aa71ff27fc2769a1b78a27578f13a17b -> 
  custom:container-demuxer-webm: 4f35f7cbe854078d1ac9338744f61a02 -> 
  custom:video-encoder-webm-vp8: eb34c28f22e8b96e1ab97ce403110664 -> 
  custom:audio-encoder-webm-vorbis: bf7c407c2cedff20999df2af8eb42d56 -> 
  custom:framework-win-MediaFoundation: 216162199b28c13a410421893ffa2e32 -> 
  custom:container-demuxer-ogg: 62fdf1f143b41e24485cea50d1cbac27 -> 
  custom:video-decoder-webm-vp8: 9c59270c3fd7afecdb556c50c9e8de78 -> 
  custom:audio-decoder-ogg-vorbis: bf7c407c2cedff20999df2af8eb42d56 -> 
========================================================================
Received Import Request.
  Time since last request: 43754.993020 seconds.
  path: Assets/New Material 7.mat
  artifactKey: Guid(a6578aa10d0f99b41b1d184c557fdb4b) Importer(815301076,1909f56bfc062723c751e8b465ee728b)
Start importing Assets/New Material 7.mat using Guid(a6578aa10d0f99b41b1d184c557fdb4b) Importer(815301076,1909f56bfc062723c751e8b465ee728b)  -> (artifact id: 'd18c961fd42f114be834e3d658d2797e') in 1.493095 seconds 
========================================================================
Received Import Request.
  Time since last request: 0.029064 seconds.
  path: Assets/LanternTopNBottom.psd
  artifactKey: Guid(605f71ebf2fa2984aa33eff23e270e7c) Importer(815301076,1909f56bfc062723c751e8b465ee728b)
Start importing Assets/LanternTopNBottom.psd using Guid(605f71ebf2fa2984aa33eff23e270e7c) Importer(815301076,1909f56bfc062723c751e8b465ee728b)  -> (artifact id: 'e87fd1a91587b78292b12f1dfb0474ac') in 0.113106 seconds 
========================================================================
Received Import Request.
  Time since last request: 0.000030 seconds.
  path: Assets/New Material 6.mat
  artifactKey: Guid(a497b0e326d3a384f917315050826f20) Importer(815301076,1909f56bfc062723c751e8b465ee728b)
Start importing Assets/New Material 6.mat using Guid(a497b0e326d3a384f917315050826f20) Importer(815301076,1909f56bfc062723c751e8b465ee728b)  -> (artifact id: 'f81ac799c7993277efb00e3bed23a9ed') in 0.240295 seconds 
========================================================================
Received Import Request.
  Time since last request: 0.000038 seconds.
  path: Assets/planet overlay.png
  artifactKey: Guid(f10b8b98127dddc4883f9f52411147c4) Importer(815301076,1909f56bfc062723c751e8b465ee728b)
Start importing Assets/planet overlay.png using Guid(f10b8b98127dddc4883f9f52411147c4) Importer(815301076,1909f56bfc062723c751e8b465ee728b)  -> (artifact id: '1c01056b24489b17a395f30c1e335932') in 0.259963 seconds 
========================================================================
Received Import Request.
  Time since last request: 0.000055 seconds.
  path: Assets/LanternSides.psd
  artifactKey: Guid(44dc12a766a6bd0478fe83cf6bf524b0) Importer(815301076,1909f56bfc062723c751e8b465ee728b)
Start importing Assets/LanternSides.psd using Guid(44dc12a766a6bd0478fe83cf6bf524b0) Importer(815301076,1909f56bfc062723c751e8b465ee728b)  -> (artifact id: 'f461038a1c40c92644372a6ce514b1b1') in 0.117683 seconds 
========================================================================
Received Import Request.
  Time since last request: 0.000018 seconds.
  path: Assets/New Material 1.mat
  artifactKey: Guid(ba7ab3201c997e544acec074d77ebcff) Importer(815301076,1909f56bfc062723c751e8b465ee728b)
Start importing Assets/New Material 1.mat using Guid(ba7ab3201c997e544acec074d77ebcff) Importer(815301076,1909f56bfc062723c751e8b465ee728b)  -> (artifact id: 'f1acb41ec3be8b79076432fa7f1aaf86') in 0.194884 seconds 
========================================================================
Received Import Request.
  Time since last request: 0.000024 seconds.
  path: Assets/Rose.psd
  artifactKey: Guid(176a25bb6f3647047807ebe30980f275) Importer(815301076,1909f56bfc062723c751e8b465ee728b)
Start importing Assets/Rose.psd using Guid(176a25bb6f3647047807ebe30980f275) Importer(815301076,1909f56bfc062723c751e8b465ee728b)  -> (artifact id: '2df37350fb27141a05e343bbc5198904') in 0.022211 seconds 
========================================================================
Received Import Request.
  Time since last request: 0.000446 seconds.
  path: Assets/New Material 4.mat
  artifactKey: Guid(e41532b6cdab50c4a99a3605bab90eea) Importer(815301076,1909f56bfc062723c751e8b465ee728b)
Start importing Assets/New Material 4.mat using Guid(e41532b6cdab50c4a99a3605bab90eea) Importer(815301076,1909f56bfc062723c751e8b465ee728b)  -> (artifact id: 'bfcd8882cb62dc25300b103ed3c3a52d') in 0.316447 seconds 
========================================================================
Received Import Request.
  Time since last request: 0.000026 seconds.
  path: Assets/New Material 5.mat
  artifactKey: Guid(4b5ab4898ea85fa46ace496f66c66f10) Importer(815301076,1909f56bfc062723c751e8b465ee728b)
Start importing Assets/New Material 5.mat using Guid(4b5ab4898ea85fa46ace496f66c66f10) Importer(815301076,1909f56bfc062723c751e8b465ee728b)  -> (artifact id: '9d5b13644ea48004b79377f2488ad434') in 0.067164 seconds 
========================================================================
Received Import Request.
  Time since last request: 0.000027 seconds.
  path: Assets/Hat.psd
  artifactKey: Guid(a25209da2e50c9340835f634e63f40bc) Importer(815301076,1909f56bfc062723c751e8b465ee728b)
Start importing Assets/Hat.psd using Guid(a25209da2e50c9340835f634e63f40bc) Importer(815301076,1909f56bfc062723c751e8b465ee728b)  -> (artifact id: '2122658ee15d19bf5554c88a49616a31') in 0.024640 seconds 
========================================================================
Received Import Request.
  Time since last request: 0.000087 seconds.
  path: Assets/Block.fbx
  artifactKey: Guid(df3a38bd531e23a48ad0664fc72ec83d) Importer(815301076,1909f56bfc062723c751e8b465ee728b)
Start importing Assets/Block.fbx using Guid(df3a38bd531e23a48ad0664fc72ec83d) Importer(815301076,1909f56bfc062723c751e8b465ee728b)  -> (artifact id: 'e19d8419cf9b8c7236226691a1fdd2b2') in 0.646275 seconds 
========================================================================
Received Import Request.
  Time since last request: 0.000020 seconds.
  path: Assets/New Material.mat
  artifactKey: Guid(801f481f6807ad74cbe2ab44dd13e3c8) Importer(815301076,1909f56bfc062723c751e8b465ee728b)
Start importing Assets/New Material.mat using Guid(801f481f6807ad74cbe2ab44dd13e3c8) Importer(815301076,1909f56bfc062723c751e8b465ee728b)  -> (artifact id: '6e3f3351d73b15076526fd83ef9df23a') in 0.135326 seconds 
========================================================================
Received Import Request.
  Time since last request: 0.000056 seconds.
  path: Assets/Bottle.psd
  artifactKey: Guid(e59fbb5c6639aba418796281c70a59c6) Importer(815301076,1909f56bfc062723c751e8b465ee728b)
Start importing Assets/Bottle.psd using Guid(e59fbb5c6639aba418796281c70a59c6) Importer(815301076,1909f56bfc062723c751e8b465ee728b)  -> (artifact id: '74913db8db7d43d19c8bf85f6b0d977a') in 0.097200 seconds 
========================================================================
Received Import Request.
  Time since last request: 0.000029 seconds.
  path: Assets/New Material 3.mat
  artifactKey: Guid(647355f5c5e1f6c4091cd17bbc027698) Importer(815301076,1909f56bfc062723c751e8b465ee728b)
Start importing Assets/New Material 3.mat using Guid(647355f5c5e1f6c4091cd17bbc027698) Importer(815301076,1909f56bfc062723c751e8b465ee728b)  -> (artifact id: '213be6e2247bfeb36662c24dee773d5b') in 0.043055 seconds 
========================================================================
Received Import Request.
  Time since last request: 0.000036 seconds.
  path: Assets/Crown.psd
  artifactKey: Guid(430c729225a46404cb3e26fa1ee1caff) Importer(815301076,1909f56bfc062723c751e8b465ee728b)
Start importing Assets/Crown.psd using Guid(430c729225a46404cb3e26fa1ee1caff) Importer(815301076,1909f56bfc062723c751e8b465ee728b)  -> (artifact id: '1394034a9e4a706b72444ec57679a91d') in 0.054798 seconds 
========================================================================
Received Import Request.
  Time since last request: 0.000024 seconds.
  path: Assets/Planet.psd
  artifactKey: Guid(5daaba67d20dad14fae4f55ec9863978) Importer(815301076,1909f56bfc062723c751e8b465ee728b)
Start importing Assets/Planet.psd using Guid(5daaba67d20dad14fae4f55ec9863978) Importer(815301076,1909f56bfc062723c751e8b465ee728b)  -> (artifact id: 'ed116b1acf9a3c9d6ffdb6446c7e2ae5') in 0.061218 seconds 
========================================================================
Received Import Request.
  Time since last request: 0.000027 seconds.
  path: Assets/Star.psd
  artifactKey: Guid(80afbf9fd845b5147ba504c21e6e4f6a) Importer(815301076,1909f56bfc062723c751e8b465ee728b)
Start importing Assets/Star.psd using Guid(80afbf9fd845b5147ba504c21e6e4f6a) Importer(815301076,1909f56bfc062723c751e8b465ee728b)  -> (artifact id: '6aa1e51806449b6f3e35255eff95e232') in 0.034975 seconds 
========================================================================
Received Import Request.
  Time since last request: 0.000022 seconds.
  path: Assets/New Material 2.mat
  artifactKey: Guid(086438d41df9c264aa86ee3d3d4e9177) Importer(815301076,1909f56bfc062723c751e8b465ee728b)
Start importing Assets/New Material 2.mat using Guid(086438d41df9c264aa86ee3d3d4e9177) Importer(815301076,1909f56bfc062723c751e8b465ee728b)  -> (artifact id: '36088385a77f9af0d88e8716fe81894f') in 0.049124 seconds 
========================================================================
Received Import Request.
  Time since last request: 38.626673 seconds.
  path: Assets/KingYes.psd
  artifactKey: Guid(77974a52f72fde34cb82c5b72984ca46) Importer(815301076,1909f56bfc062723c751e8b465ee728b)
Start importing Assets/KingYes.psd using Guid(77974a52f72fde34cb82c5b72984ca46) Importer(815301076,1909f56bfc062723c751e8b465ee728b)  -> (artifact id: 'd05ab0e208b477a04001698931787714') in 0.074857 seconds 
========================================================================
Received Import Request.
  Time since last request: 2.042141 seconds.
  path: Assets/KingNo.psd
  artifactKey: Guid(577eb9f9522827d43a0a892192a7fff1) Importer(815301076,1909f56bfc062723c751e8b465ee728b)
Start importing Assets/KingNo.psd using Guid(577eb9f9522827d43a0a892192a7fff1) Importer(815301076,1909f56bfc062723c751e8b465ee728b)  -> (artifact id: 'b4e6a285f7418047d0a21ce65d2db31b') in 0.027749 seconds 
========================================================================
Received Import Request.
  Time since last request: 3.456268 seconds.
  path: Assets/BusinessmanNo.psd
  artifactKey: Guid(47074a43a1fc77243a3b06e69dcaac54) Importer(815301076,1909f56bfc062723c751e8b465ee728b)
Start importing Assets/BusinessmanNo.psd using Guid(47074a43a1fc77243a3b06e69dcaac54) Importer(815301076,1909f56bfc062723c751e8b465ee728b)  -> (artifact id: 'b4ecd11eb019009a77917737e3fb5c18') in 0.024483 seconds 
========================================================================
Received Prepare
Registering precompiled user dll's ...
Registered in 0.010645 seconds.
Begin MonoManager ReloadAssembly
Native extension for WindowsStandalone target not found
Refreshing native plugins compatible for Editor in 0.42 ms, found 2 plugins.
Preloading 0 native plugins for Editor in 0.00 ms.
Mono: successfully reloaded assembly
- Completed reload, in  1.824 seconds
Domain Reload Profiling:
	ReloadAssembly (1825ms)
		BeginReloadAssembly (242ms)
			ExecutionOrderSort (0ms)
			DisableScriptedObjects (9ms)
			BackupInstance (0ms)
			ReleaseScriptingObjects (0ms)
			CreateAndSetChildDomain (51ms)
		EndReloadAssembly (1381ms)
			LoadAssemblies (184ms)
			RebuildTransferFunctionScriptingTraits (0ms)
			SetupTypeCache (434ms)
			ReleaseScriptCaches (1ms)
			RebuildScriptCaches (61ms)
			SetupLoadedEditorAssemblies (625ms)
				LogAssemblyErrors (0ms)
				InitializePlatformSupportModulesInManaged (27ms)
				SetLoadedEditorAssemblies (1ms)
				RefreshPlugins (1ms)
				BeforeProcessingInitializeOnLoad (133ms)
				ProcessInitializeOnLoadAttributes (384ms)
				ProcessInitializeOnLoadMethodAttributes (52ms)
				AfterProcessingInitializeOnLoad (28ms)
				EditorAssembliesLoaded (1ms)
			ExecutionOrderSort2 (0ms)
			AwakeInstancesAfterBackupRestoration (14ms)
Platform modules already initialized, skipping
Refreshing native plugins compatible for Editor in 3.59 ms, found 2 plugins.
Preloading 0 native plugins for Editor in 0.00 ms.
Unloading 1681 Unused Serialized files (Serialized files now loaded: 0)
Unloading 12 unused Assets / (24.6 KB). Loaded Objects now: 2214.
Memory consumption went from 77.6 MB to 77.5 MB.
Total: 26.762600 ms (FindLiveObjects: 0.303600 ms CreateObjectMapping: 0.191300 ms MarkObjects: 26.196200 ms  DeleteObjects: 0.069600 ms)

AssetImportParameters requested are different than current active one (requested -> active):
  custom:video-decoder-ogg-theora: a1e56fd34408186e4bbccfd4996cb3dc -> 
  custom:container-muxer-webm: aa71ff27fc2769a1b78a27578f13a17b -> 
  custom:container-demuxer-webm: 4f35f7cbe854078d1ac9338744f61a02 -> 
  custom:video-encoder-webm-vp8: eb34c28f22e8b96e1ab97ce403110664 -> 
  custom:audio-encoder-webm-vorbis: bf7c407c2cedff20999df2af8eb42d56 -> 
  custom:framework-win-MediaFoundation: 216162199b28c13a410421893ffa2e32 -> 
  custom:container-demuxer-ogg: 62fdf1f143b41e24485cea50d1cbac27 -> 
  custom:video-decoder-webm-vp8: 9c59270c3fd7afecdb556c50c9e8de78 -> 
  custom:audio-decoder-ogg-vorbis: bf7c407c2cedff20999df2af8eb42d56 -> 
========================================================================
Received Prepare
Registering precompiled user dll's ...
Registered in 0.011111 seconds.
Begin MonoManager ReloadAssembly
Native extension for WindowsStandalone target not found
Refreshing native plugins compatible for Editor in 1.41 ms, found 2 plugins.
Preloading 0 native plugins for Editor in 0.00 ms.
Mono: successfully reloaded assembly
- Completed reload, in  3.357 seconds
Domain Reload Profiling:
	ReloadAssembly (3358ms)
		BeginReloadAssembly (282ms)
			ExecutionOrderSort (0ms)
			DisableScriptedObjects (11ms)
			BackupInstance (0ms)
			ReleaseScriptingObjects (0ms)
			CreateAndSetChildDomain (70ms)
		EndReloadAssembly (2801ms)
			LoadAssemblies (175ms)
			RebuildTransferFunctionScriptingTraits (0ms)
			SetupTypeCache (417ms)
			ReleaseScriptCaches (1ms)
			RebuildScriptCaches (97ms)
			SetupLoadedEditorAssemblies (1824ms)
				LogAssemblyErrors (0ms)
				InitializePlatformSupportModulesInManaged (73ms)
				SetLoadedEditorAssemblies (2ms)
				RefreshPlugins (2ms)
				BeforeProcessingInitializeOnLoad (256ms)
				ProcessInitializeOnLoadAttributes (1254ms)
				ProcessInitializeOnLoadMethodAttributes (167ms)
				AfterProcessingInitializeOnLoad (71ms)
				EditorAssembliesLoaded (0ms)
			ExecutionOrderSort2 (0ms)
			AwakeInstancesAfterBackupRestoration (42ms)
Platform modules already initialized, skipping
Refreshing native plugins compatible for Editor in 45.03 ms, found 2 plugins.
Preloading 0 native plugins for Editor in 0.00 ms.
Unloading 1681 Unused Serialized files (Serialized files now loaded: 0)
Unloading 12 unused Assets / (24.6 KB). Loaded Objects now: 2217.
Memory consumption went from 77.6 MB to 77.5 MB.
Total: 18.120600 ms (FindLiveObjects: 0.588600 ms CreateObjectMapping: 0.440700 ms MarkObjects: 16.775100 ms  DeleteObjects: 0.313500 ms)

AssetImportParameters requested are different than current active one (requested -> active):
  custom:video-decoder-ogg-theora: a1e56fd34408186e4bbccfd4996cb3dc -> 
  custom:container-muxer-webm: aa71ff27fc2769a1b78a27578f13a17b -> 
  custom:container-demuxer-webm: 4f35f7cbe854078d1ac9338744f61a02 -> 
  custom:video-encoder-webm-vp8: eb34c28f22e8b96e1ab97ce403110664 -> 
  custom:audio-encoder-webm-vorbis: bf7c407c2cedff20999df2af8eb42d56 -> 
  custom:framework-win-MediaFoundation: 216162199b28c13a410421893ffa2e32 -> 
  custom:container-demuxer-ogg: 62fdf1f143b41e24485cea50d1cbac27 -> 
  custom:video-decoder-webm-vp8: 9c59270c3fd7afecdb556c50c9e8de78 -> 
  custom:audio-decoder-ogg-vorbis: bf7c407c2cedff20999df2af8eb42d56 -> 
========================================================================
Received Prepare
Registering precompiled user dll's ...
Registered in 0.014637 seconds.
Begin MonoManager ReloadAssembly
Native extension for WindowsStandalone target not found
Refreshing native plugins compatible for Editor in 4.21 ms, found 2 plugins.
Preloading 0 native plugins for Editor in 0.00 ms.
Mono: successfully reloaded assembly
- Completed reload, in  3.630 seconds
Domain Reload Profiling:
	ReloadAssembly (3635ms)
		BeginReloadAssembly (300ms)
			ExecutionOrderSort (0ms)
			DisableScriptedObjects (17ms)
			BackupInstance (0ms)
			ReleaseScriptingObjects (0ms)
			CreateAndSetChildDomain (65ms)
		EndReloadAssembly (3081ms)
			LoadAssemblies (196ms)
			RebuildTransferFunctionScriptingTraits (0ms)
			SetupTypeCache (477ms)
			ReleaseScriptCaches (2ms)
			RebuildScriptCaches (218ms)
			SetupLoadedEditorAssemblies (1841ms)
				LogAssemblyErrors (0ms)
				InitializePlatformSupportModulesInManaged (59ms)
				SetLoadedEditorAssemblies (2ms)
				RefreshPlugins (5ms)
				BeforeProcessingInitializeOnLoad (288ms)
				ProcessInitializeOnLoadAttributes (1236ms)
				ProcessInitializeOnLoadMethodAttributes (177ms)
				AfterProcessingInitializeOnLoad (74ms)
				EditorAssembliesLoaded (0ms)
			ExecutionOrderSort2 (0ms)
			AwakeInstancesAfterBackupRestoration (48ms)
Platform modules already initialized, skipping
Refreshing native plugins compatible for Editor in 13.09 ms, found 2 plugins.
Preloading 0 native plugins for Editor in 0.00 ms.
Unloading 1681 Unused Serialized files (Serialized files now loaded: 0)
Unloading 12 unused Assets / (24.7 KB). Loaded Objects now: 2220.
Memory consumption went from 77.6 MB to 77.6 MB.
Total: 27.299700 ms (FindLiveObjects: 0.614800 ms CreateObjectMapping: 0.212200 ms MarkObjects: 26.385500 ms  DeleteObjects: 0.082100 ms)

AssetImportParameters requested are different than current active one (requested -> active):
  custom:video-decoder-ogg-theora: a1e56fd34408186e4bbccfd4996cb3dc -> 
  custom:container-muxer-webm: aa71ff27fc2769a1b78a27578f13a17b -> 
  custom:container-demuxer-webm: 4f35f7cbe854078d1ac9338744f61a02 -> 
  custom:video-encoder-webm-vp8: eb34c28f22e8b96e1ab97ce403110664 -> 
  custom:audio-encoder-webm-vorbis: bf7c407c2cedff20999df2af8eb42d56 -> 
  custom:framework-win-MediaFoundation: 216162199b28c13a410421893ffa2e32 -> 
  custom:container-demuxer-ogg: 62fdf1f143b41e24485cea50d1cbac27 -> 
  custom:video-decoder-webm-vp8: 9c59270c3fd7afecdb556c50c9e8de78 -> 
  custom:audio-decoder-ogg-vorbis: bf7c407c2cedff20999df2af8eb42d56 -> 
========================================================================
Received Import Request.
  Time since last request: 9965.060633 seconds.
  path: Assets/TextMesh Pro/Sprites/EmojiOne.png
  artifactKey: Guid(dffef66376be4fa480fb02b19edbe903) Importer(815301076,1909f56bfc062723c751e8b465ee728b)
Start importing Assets/TextMesh Pro/Sprites/EmojiOne.png using Guid(dffef66376be4fa480fb02b19edbe903) Importer(815301076,1909f56bfc062723c751e8b465ee728b)  -> (artifact id: '53ba703265248e1c909a845b76930ea5') in 1.857397 seconds 
========================================================================
Received Import Request.
  Time since last request: 780.296128 seconds.
  path: Assets/New Material 9.mat
  artifactKey: Guid(fc8a7a80639325e429f3e546d1048e4e) Importer(815301076,1909f56bfc062723c751e8b465ee728b)
Start importing Assets/New Material 9.mat using Guid(fc8a7a80639325e429f3e546d1048e4e) Importer(815301076,1909f56bfc062723c751e8b465ee728b)  -> (artifact id: '03026666ba1472e29a99b2988b751179') in 17.219731 seconds 
